빌드 시작: 2017-05-16 오후 1:50:05
     1>2 노드의 "C:\Users\EomJaeWoong\Documents\Visual Studio 2013\Projects\17.04.28_MemoryPool\MemoryPool\MemoryPool.vcxproj" 프로젝트(Build 대상)입니다.
     1>ClCompile:
         C:\Program Files (x86)\Microsoft Visual Studio 12.0\VC\bin\CL.exe /c /ZI /nologo /W3 /WX- /sdl /Od /Oy- /D WIN32 /D _DEBUG /D _CONSOLE /D _LIB /D _UNICODE /D UNICODE /Gm /EHsc /RTC1 /MDd /GS /fp:precise /Zc:wchar_t /Zc:forScope /Fo"Debug\\" /Fd"Debug\vc120.pdb" /Gd /TP /analyze- /errorReport:prompt lib\APIHook.cpp lib\Library.cpp lib\Profiler.cpp lib\SystemLog.cpp MemoryPool_test.cpp
         MemoryPool_test.cpp
     1>c:\users\eomjaewoong\documents\visual studio 2013\projects\17.04.28_memorypool\memorypool\memorypool_test.cpp(24): error C2512: 'CMemoryPool<st_TEST_DATA *>' : 사용할 수 있는 적절한 기본 생성자가 없습니다.
     1>c:\users\eomjaewoong\documents\visual studio 2013\projects\17.04.28_memorypool\memorypool\memorypool_test.cpp(119): warning C4258: 'iCnt' : for 루프의 정의가 무시되고 바깥쪽 범위의 정의가 사용됩니다.
                 c:\users\eomjaewoong\documents\visual studio 2013\projects\17.04.28_memorypool\memorypool\memorypool_test.cpp(111) : 'iCnt' 정의가 무시됩니다.
                 c:\users\eomjaewoong\documents\visual studio 2013\projects\17.04.28_memorypool\memorypool\memorypool_test.cpp(89) : 'iCnt' 정의가 사용됩니다.
     1>c:\users\eomjaewoong\documents\visual studio 2013\projects\17.04.28_memorypool\memorypool\memorypool_test.cpp(121): warning C4258: 'iCnt' : for 루프의 정의가 무시되고 바깥쪽 범위의 정의가 사용됩니다.
                 c:\users\eomjaewoong\documents\visual studio 2013\projects\17.04.28_memorypool\memorypool\memorypool_test.cpp(111) : 'iCnt' 정의가 무시됩니다.
                 c:\users\eomjaewoong\documents\visual studio 2013\projects\17.04.28_memorypool\memorypool\memorypool_test.cpp(89) : 'iCnt' 정의가 사용됩니다.
     1>c:\users\eomjaewoong\documents\visual studio 2013\projects\17.04.28_memorypool\memorypool\memorypool_test.cpp(133): warning C4258: 'iCnt' : for 루프의 정의가 무시되고 바깥쪽 범위의 정의가 사용됩니다.
                 c:\users\eomjaewoong\documents\visual studio 2013\projects\17.04.28_memorypool\memorypool\memorypool_test.cpp(127) : 'iCnt' 정의가 무시됩니다.
                 c:\users\eomjaewoong\documents\visual studio 2013\projects\17.04.28_memorypool\memorypool\memorypool_test.cpp(89) : 'iCnt' 정의가 사용됩니다.
     1>c:\users\eomjaewoong\documents\visual studio 2013\projects\17.04.28_memorypool\memorypool\memorypool_test.cpp(135): warning C4258: 'iCnt' : for 루프의 정의가 무시되고 바깥쪽 범위의 정의가 사용됩니다.
                 c:\users\eomjaewoong\documents\visual studio 2013\projects\17.04.28_memorypool\memorypool\memorypool_test.cpp(127) : 'iCnt' 정의가 무시됩니다.
                 c:\users\eomjaewoong\documents\visual studio 2013\projects\17.04.28_memorypool\memorypool\memorypool_test.cpp(89) : 'iCnt' 정의가 사용됩니다.
     1>c:\users\eomjaewoong\documents\visual studio 2013\projects\17.04.28_memorypool\memorypool\memorypool_test.cpp(139): warning C4258: 'iCnt' : for 루프의 정의가 무시되고 바깥쪽 범위의 정의가 사용됩니다.
                 c:\users\eomjaewoong\documents\visual studio 2013\projects\17.04.28_memorypool\memorypool\memorypool_test.cpp(127) : 'iCnt' 정의가 무시됩니다.
                 c:\users\eomjaewoong\documents\visual studio 2013\projects\17.04.28_memorypool\memorypool\memorypool_test.cpp(89) : 'iCnt' 정의가 사용됩니다.
     1>c:\users\eomjaewoong\documents\visual studio 2013\projects\17.04.28_memorypool\memorypool\memorypool_test.cpp(141): warning C4258: 'iCnt' : for 루프의 정의가 무시되고 바깥쪽 범위의 정의가 사용됩니다.
                 c:\users\eomjaewoong\documents\visual studio 2013\projects\17.04.28_memorypool\memorypool\memorypool_test.cpp(127) : 'iCnt' 정의가 무시됩니다.
                 c:\users\eomjaewoong\documents\visual studio 2013\projects\17.04.28_memorypool\memorypool\memorypool_test.cpp(89) : 'iCnt' 정의가 사용됩니다.
         SystemLog.cpp
         Profiler.cpp
     1>c:\users\eomjaewoong\documents\visual studio 2013\projects\17.04.28_memorypool\memorypool\lib\profiler.cpp(47): warning C4244: '=' : 'LONGLONG'에서 'double'(으)로 변환하면서 데이터가 손실될 수 있습니다.
     1>c:\users\eomjaewoong\documents\visual studio 2013\projects\17.04.28_memorypool\memorypool\lib\profiler.cpp(52): warning C4244: '=' : 'LONGLONG'에서 'double'(으)로 변환하면서 데이터가 손실될 수 있습니다.
     1>c:\users\eomjaewoong\documents\visual studio 2013\projects\17.04.28_memorypool\memorypool\lib\profiler.cpp(58): warning C4244: '=' : 'LONGLONG'에서 'double'(으)로 변환하면서 데이터가 손실될 수 있습니다.
         Library.cpp
         APIHook.cpp
     1>c:\users\eomjaewoong\documents\visual studio 2013\projects\17.04.28_memorypool\memorypool\lib\apihook.cpp(362): error C2664: 'DWORD GetModuleFileNameW(HMODULE,LPWSTR,DWORD)' : 인수 2을(를) 'char [260]'에서 'LPWSTR'(으)로 변환할 수 없습니다.
                 가리킨 형식이 관련이 없습니다. 변환하려면 reinterpret_cast, C 스타일 캐스트 또는 함수 스타일 캐스트가 필요합니다.
     1>c:\users\eomjaewoong\documents\visual studio 2013\projects\17.04.28_memorypool\memorypool\lib\apihook.cpp(366): error C2664: 'HRESULT StringCchPrintfW(STRSAFE_LPWSTR,size_t,STRSAFE_LPCWSTR,...)' : 인수 1을(를) 'char [1024]'에서 'STRSAFE_LPWSTR'(으)로 변환할 수 없습니다.
                 가리킨 형식이 관련이 없습니다. 변환하려면 reinterpret_cast, C 스타일 캐스트 또는 함수 스타일 캐스트가 필요합니다.
     1>c:\users\eomjaewoong\documents\visual studio 2013\projects\17.04.28_memorypool\memorypool\lib\apihook.cpp(367): error C2664: 'void OutputDebugStringW(LPCWSTR)' : 인수 1을(를) 'char [1024]'에서 'LPCWSTR'(으)로 변환할 수 없습니다.
                 가리킨 형식이 관련이 없습니다. 변환하려면 reinterpret_cast, C 스타일 캐스트 또는 함수 스타일 캐스트가 필요합니다.
         코드를 생성하고 있습니다...
     1>c:\users\eomjaewoong\documents\visual studio 2013\projects\17.04.28_memorypool\memorypool\lib\profiler.cpp(37): warning C4715: 'ProfileBegin' : 모든 제어 경로에서 값을 반환하지는 않습니다.
     1>"C:\Users\EomJaeWoong\Documents\Visual Studio 2013\Projects\17.04.28_MemoryPool\MemoryPool\MemoryPool.vcxproj" 프로젝트를 빌드했습니다(Build 대상). - 실패

빌드하지 못했습니다.

경과 시간: 00:00:02.35
